2017-12-20 17:16:04.603 [] INFO  [main] com.itmaoo.oa.App :Starting App on Mario with PID 1443 (/home/mario/git/scenic/scenic-oa/target/classes started by mario in /home/mario/git/scenic/scenic-oa)
2017-12-20 17:16:04.625 [] DEBUG [main] com.itmaoo.oa.App :Running with Spring Boot v1.5.6.RELEASE, Spring v4.3.4.RELEASE
2017-12-20 17:16:04.625 [] INFO  [main] com.itmaoo.oa.App :No active profile set, falling back to default profiles: default
2017-12-20 17:16:10.087 [] INFO  [main] com.itmaoo.oa.App :Started App in 5.943 seconds (JVM running for 6.544)
2017-12-20 17:17:06.351 [] DEBUG [http-nio-8080-exec-5] com.itmaoo.oa.dao.IUserDao.selectSingleLogin :==>  Preparing: SELECT userid AS id, username AS username, nickname AS nickname, password AS password, email AS email, telphone AS telphone, createdate AS createDate, invalid AS invalid, iucode AS iuCode, reccode AS recCode, logintrytimes AS loginTryTimes, lastloggeddate AS lastLoggedDate, ismale AS isMale, signature AS signature FROM user u WHERE username = ? AND password= ? 
2017-12-20 17:17:06.371 [] DEBUG [http-nio-8080-exec-5] com.itmaoo.oa.dao.IUserDao.selectSingleLogin :==> Parameters: zzuli(String), abc123(String)
2017-12-20 17:17:06.423 [] DEBUG [http-nio-8080-exec-5] com.itmaoo.oa.dao.IUserDao.selectSingleLogin :<==      Total: 1
2017-12-20 17:19:03.226 [] DEBUG [http-nio-8080-exec-2] com.itmaoo.oa.dao.IProductDao.selectList :==>  Preparing: SELECT * FROM(SELECT pg.*, @rownum:=@rownum+1 AS rn FROM( SELECT productid AS id, name AS name, sex AS sex, age AS age, testresault AS testResault, caseid AS caseId, doctor AS doctor, department AS department, testtype AS testType, senddate AS sendDate, reportdate AS reportDate, createdate AS createDate, lastmodifydate AS lastModifyDate, description AS description FROM product ad WHERE 1=1 ) pg , (SELECT @rownum:=0) r) a WHERE rn <=? AND rn >=? 
2017-12-20 17:19:03.226 [] DEBUG [http-nio-8080-exec-2] com.itmaoo.oa.dao.IProductDao.selectList :==> Parameters: 15(Integer), 1(Integer)
2017-12-20 17:19:03.281 [] DEBUG [http-nio-8080-exec-2] com.itmaoo.oa.dao.IProductDao.selectList :<==      Total: 15
2017-12-20 17:19:03.321 [] DEBUG [http-nio-8080-exec-2] com.itmaoo.oa.dao.IProductDao.selectListCount :==>  Preparing: SELECT count(*) FROM ( SELECT productid AS id, name AS name, sex AS sex, age AS age, testresault AS testResault, caseid AS caseId, doctor AS doctor, department AS department, testtype AS testType, senddate AS sendDate, reportdate AS reportDate, createdate AS createDate, lastmodifydate AS lastModifyDate, description AS description FROM product ad WHERE 1=1 ) c 
2017-12-20 17:19:03.321 [] DEBUG [http-nio-8080-exec-2] com.itmaoo.oa.dao.IProductDao.selectListCount :==> Parameters: 
2017-12-20 17:19:03.358 [] DEBUG [http-nio-8080-exec-2] com.itmaoo.oa.dao.IProductDao.selectListCount :<==      Total: 1
2017-12-20 17:19:09.859 [] DEBUG [http-nio-8080-exec-7] com.itmaoo.oa.dao.IProductDao.selectList :==>  Preparing: SELECT * FROM(SELECT pg.*, @rownum:=@rownum+1 AS rn FROM( SELECT productid AS id, name AS name, sex AS sex, age AS age, testresault AS testResault, caseid AS caseId, doctor AS doctor, department AS department, testtype AS testType, senddate AS sendDate, reportdate AS reportDate, createdate AS createDate, lastmodifydate AS lastModifyDate, description AS description FROM product ad WHERE 1=1 ) pg , (SELECT @rownum:=0) r) a WHERE rn <=? AND rn >=? 
2017-12-20 17:19:09.859 [] DEBUG [http-nio-8080-exec-7] com.itmaoo.oa.dao.IProductDao.selectList :==> Parameters: 30(Integer), 16(Integer)
2017-12-20 17:19:09.904 [] DEBUG [http-nio-8080-exec-7] com.itmaoo.oa.dao.IProductDao.selectList :<==      Total: 15
2017-12-20 17:19:09.939 [] DEBUG [http-nio-8080-exec-7] com.itmaoo.oa.dao.IProductDao.selectListCount :==>  Preparing: SELECT count(*) FROM ( SELECT productid AS id, name AS name, sex AS sex, age AS age, testresault AS testResault, caseid AS caseId, doctor AS doctor, department AS department, testtype AS testType, senddate AS sendDate, reportdate AS reportDate, createdate AS createDate, lastmodifydate AS lastModifyDate, description AS description FROM product ad WHERE 1=1 ) c 
2017-12-20 17:19:09.940 [] DEBUG [http-nio-8080-exec-7] com.itmaoo.oa.dao.IProductDao.selectListCount :==> Parameters: 
2017-12-20 17:19:09.977 [] DEBUG [http-nio-8080-exec-7] com.itmaoo.oa.dao.IProductDao.selectListCount :<==      Total: 1
2017-12-20 17:19:12.822 [] DEBUG [http-nio-8080-exec-1] com.itmaoo.oa.dao.IProductDao.selectList :==>  Preparing: SELECT * FROM(SELECT pg.*, @rownum:=@rownum+1 AS rn FROM( SELECT productid AS id, name AS name, sex AS sex, age AS age, testresault AS testResault, caseid AS caseId, doctor AS doctor, department AS department, testtype AS testType, senddate AS sendDate, reportdate AS reportDate, createdate AS createDate, lastmodifydate AS lastModifyDate, description AS description FROM product ad WHERE 1=1 ) pg , (SELECT @rownum:=0) r) a WHERE rn <=? AND rn >=? 
2017-12-20 17:19:12.823 [] DEBUG [http-nio-8080-exec-1] com.itmaoo.oa.dao.IProductDao.selectList :==> Parameters: 45(Integer), 31(Integer)
2017-12-20 17:19:12.865 [] DEBUG [http-nio-8080-exec-1] com.itmaoo.oa.dao.IProductDao.selectList :<==      Total: 7
2017-12-20 17:19:12.901 [] DEBUG [http-nio-8080-exec-1] com.itmaoo.oa.dao.IProductDao.selectListCount :==>  Preparing: SELECT count(*) FROM ( SELECT productid AS id, name AS name, sex AS sex, age AS age, testresault AS testResault, caseid AS caseId, doctor AS doctor, department AS department, testtype AS testType, senddate AS sendDate, reportdate AS reportDate, createdate AS createDate, lastmodifydate AS lastModifyDate, description AS description FROM product ad WHERE 1=1 ) c 
2017-12-20 17:19:12.901 [] DEBUG [http-nio-8080-exec-1] com.itmaoo.oa.dao.IProductDao.selectListCount :==> Parameters: 
2017-12-20 17:19:12.994 [] DEBUG [http-nio-8080-exec-1] com.itmaoo.oa.dao.IProductDao.selectListCount :<==      Total: 1
2017-12-20 17:19:23.865 [] DEBUG [http-nio-8080-exec-4] com.itmaoo.oa.dao.IProductDao.selectList :==>  Preparing: SELECT * FROM(SELECT pg.*, @rownum:=@rownum+1 AS rn FROM( SELECT productid AS id, name AS name, sex AS sex, age AS age, testresault AS testResault, caseid AS caseId, doctor AS doctor, department AS department, testtype AS testType, senddate AS sendDate, reportdate AS reportDate, createdate AS createDate, lastmodifydate AS lastModifyDate, description AS description FROM product ad WHERE 1=1 AND name like concat('%', ?, '%') ) pg , (SELECT @rownum:=0) r) a WHERE rn <=? AND rn >=? 
2017-12-20 17:19:23.867 [] DEBUG [http-nio-8080-exec-4] com.itmaoo.oa.dao.IProductDao.selectList :==> Parameters: 毛(String), 15(Integer), 1(Integer)
2017-12-20 17:19:23.908 [] DEBUG [http-nio-8080-exec-4] com.itmaoo.oa.dao.IProductDao.selectList :<==      Total: 1
2017-12-20 17:19:23.948 [] DEBUG [http-nio-8080-exec-4] com.itmaoo.oa.dao.IProductDao.selectListCount :==>  Preparing: SELECT count(*) FROM ( SELECT productid AS id, name AS name, sex AS sex, age AS age, testresault AS testResault, caseid AS caseId, doctor AS doctor, department AS department, testtype AS testType, senddate AS sendDate, reportdate AS reportDate, createdate AS createDate, lastmodifydate AS lastModifyDate, description AS description FROM product ad WHERE 1=1 AND name like concat('%', ?, '%') ) c 
2017-12-20 17:19:23.949 [] DEBUG [http-nio-8080-exec-4] com.itmaoo.oa.dao.IProductDao.selectListCount :==> Parameters: 毛(String)
2017-12-20 17:19:23.988 [] DEBUG [http-nio-8080-exec-4] com.itmaoo.oa.dao.IProductDao.selectListCount :<==      Total: 1
2017-12-20 17:22:40.683 [] DEBUG [http-nio-8080-exec-7] com.itmaoo.oa.dao.IUserDao.selectSingleLogin :==>  Preparing: SELECT userid AS id, username AS username, nickname AS nickname, password AS password, email AS email, telphone AS telphone, createdate AS createDate, invalid AS invalid, iucode AS iuCode, reccode AS recCode, logintrytimes AS loginTryTimes, lastloggeddate AS lastLoggedDate, ismale AS isMale, signature AS signature FROM user u WHERE username = ? AND password= ? 
2017-12-20 17:22:40.683 [] DEBUG [http-nio-8080-exec-7] com.itmaoo.oa.dao.IUserDao.selectSingleLogin :==> Parameters: zzuli(String), abc123(String)
2017-12-20 17:22:40.722 [] DEBUG [http-nio-8080-exec-7] com.itmaoo.oa.dao.IUserDao.selectSingleLogin :<==      Total: 1
2017-12-20 17:22:51.373 [] DEBUG [http-nio-8080-exec-5] com.itmaoo.oa.dao.IProductDao.selectList :==>  Preparing: SELECT * FROM(SELECT pg.*, @rownum:=@rownum+1 AS rn FROM( SELECT productid AS id, name AS name, sex AS sex, age AS age, testresault AS testResault, caseid AS caseId, doctor AS doctor, department AS department, testtype AS testType, senddate AS sendDate, reportdate AS reportDate, createdate AS createDate, lastmodifydate AS lastModifyDate, description AS description FROM product ad WHERE 1=1 ) pg , (SELECT @rownum:=0) r) a WHERE rn <=? AND rn >=? 
2017-12-20 17:22:51.374 [] DEBUG [http-nio-8080-exec-5] com.itmaoo.oa.dao.IProductDao.selectList :==> Parameters: 15(Integer), 1(Integer)
2017-12-20 17:22:51.428 [] DEBUG [http-nio-8080-exec-5] com.itmaoo.oa.dao.IProductDao.selectList :<==      Total: 15
2017-12-20 17:22:51.509 [] DEBUG [http-nio-8080-exec-5] com.itmaoo.oa.dao.IProductDao.selectListCount :==>  Preparing: SELECT count(*) FROM ( SELECT productid AS id, name AS name, sex AS sex, age AS age, testresault AS testResault, caseid AS caseId, doctor AS doctor, department AS department, testtype AS testType, senddate AS sendDate, reportdate AS reportDate, createdate AS createDate, lastmodifydate AS lastModifyDate, description AS description FROM product ad WHERE 1=1 ) c 
2017-12-20 17:22:51.510 [] DEBUG [http-nio-8080-exec-5] com.itmaoo.oa.dao.IProductDao.selectListCount :==> Parameters: 
2017-12-20 17:22:51.546 [] DEBUG [http-nio-8080-exec-5] com.itmaoo.oa.dao.IProductDao.selectListCount :<==      Total: 1
2017-12-20 17:27:48.996 [] DEBUG [http-nio-8080-exec-5] com.itmaoo.oa.dao.IUserDao.selectSingleLogin :==>  Preparing: SELECT userid AS id, username AS username, nickname AS nickname, password AS password, email AS email, telphone AS telphone, createdate AS createDate, invalid AS invalid, iucode AS iuCode, reccode AS recCode, logintrytimes AS loginTryTimes, lastloggeddate AS lastLoggedDate, ismale AS isMale, signature AS signature FROM user u WHERE username = ? AND password= ? 
2017-12-20 17:27:48.996 [] DEBUG [http-nio-8080-exec-5] com.itmaoo.oa.dao.IUserDao.selectSingleLogin :==> Parameters: zzuli(String), abc123(String)
2017-12-20 17:27:49.036 [] DEBUG [http-nio-8080-exec-5] com.itmaoo.oa.dao.IUserDao.selectSingleLogin :<==      Total: 1
2017-12-20 17:28:05.629 [] DEBUG [http-nio-8080-exec-9] com.itmaoo.oa.dao.IUserDao.selectList :==>  Preparing: SELECT * FROM(SELECT pg.*, @rownum:=@rownum+1 AS rn FROM( SELECT userid AS id, username AS username, nickname AS nickname, password AS password, email AS email, telphone AS telphone, createdate AS createDate, invalid AS invalid, iucode AS iuCode, reccode AS recCode, logintrytimes AS loginTryTimes, lastloggeddate AS lastLoggedDate, ismale AS isMale, signature AS signature FROM user u WHERE 1=1 AND reccode = ? ORDER BY createdate DESC ) pg , (SELECT @rownum:=0) r) a WHERE rn <=? AND rn >=? 
2017-12-20 17:28:05.629 [] DEBUG [http-nio-8080-exec-9] com.itmaoo.oa.dao.IUserDao.selectList :==> Parameters: zzuli(String), 15(Integer), 1(Integer)
2017-12-20 17:28:05.667 [] DEBUG [http-nio-8080-exec-9] com.itmaoo.oa.dao.IUserDao.selectList :<==      Total: 0
2017-12-20 17:28:05.705 [] DEBUG [http-nio-8080-exec-9] com.itmaoo.oa.dao.IUserDao.selectListCount :==>  Preparing: SELECT count(*) FROM ( SELECT userid AS id, username AS username, nickname AS nickname, password AS password, email AS email, telphone AS telphone, createdate AS createDate, invalid AS invalid, iucode AS iuCode, reccode AS recCode, logintrytimes AS loginTryTimes, lastloggeddate AS lastLoggedDate, ismale AS isMale, signature AS signature FROM user u WHERE 1=1 AND reccode = ? ORDER BY createdate DESC ) u 
2017-12-20 17:28:05.706 [] DEBUG [http-nio-8080-exec-9] com.itmaoo.oa.dao.IUserDao.selectListCount :==> Parameters: zzuli(String)
2017-12-20 17:28:05.744 [] DEBUG [http-nio-8080-exec-9] com.itmaoo.oa.dao.IUserDao.selectListCount :<==      Total: 1
2017-12-20 17:28:23.494 [] DEBUG [http-nio-8080-exec-8] com.itmaoo.oa.dao.IProductDao.selectList :==>  Preparing: SELECT * FROM(SELECT pg.*, @rownum:=@rownum+1 AS rn FROM( SELECT productid AS id, name AS name, sex AS sex, age AS age, testresault AS testResault, caseid AS caseId, doctor AS doctor, department AS department, testtype AS testType, senddate AS sendDate, reportdate AS reportDate, createdate AS createDate, lastmodifydate AS lastModifyDate, description AS description FROM product ad WHERE 1=1 ) pg , (SELECT @rownum:=0) r) a WHERE rn <=? AND rn >=? 
2017-12-20 17:28:23.496 [] DEBUG [http-nio-8080-exec-8] com.itmaoo.oa.dao.IProductDao.selectList :==> Parameters: 15(Integer), 1(Integer)
2017-12-20 17:28:23.549 [] DEBUG [http-nio-8080-exec-8] com.itmaoo.oa.dao.IProductDao.selectList :<==      Total: 15
2017-12-20 17:28:23.587 [] DEBUG [http-nio-8080-exec-8] com.itmaoo.oa.dao.IProductDao.selectListCount :==>  Preparing: SELECT count(*) FROM ( SELECT productid AS id, name AS name, sex AS sex, age AS age, testresault AS testResault, caseid AS caseId, doctor AS doctor, department AS department, testtype AS testType, senddate AS sendDate, reportdate AS reportDate, createdate AS createDate, lastmodifydate AS lastModifyDate, description AS description FROM product ad WHERE 1=1 ) c 
2017-12-20 17:28:23.587 [] DEBUG [http-nio-8080-exec-8] com.itmaoo.oa.dao.IProductDao.selectListCount :==> Parameters: 
2017-12-20 17:28:23.624 [] DEBUG [http-nio-8080-exec-8] com.itmaoo.oa.dao.IProductDao.selectListCount :<==      Total: 1
2017-12-20 17:28:26.984 [] DEBUG [http-nio-8080-exec-1] com.itmaoo.oa.dao.IProductDao.selectList :==>  Preparing: SELECT * FROM(SELECT pg.*, @rownum:=@rownum+1 AS rn FROM( SELECT productid AS id, name AS name, sex AS sex, age AS age, testresault AS testResault, caseid AS caseId, doctor AS doctor, department AS department, testtype AS testType, senddate AS sendDate, reportdate AS reportDate, createdate AS createDate, lastmodifydate AS lastModifyDate, description AS description FROM product ad WHERE 1=1 ) pg , (SELECT @rownum:=0) r) a WHERE rn <=? AND rn >=? 
2017-12-20 17:28:26.985 [] DEBUG [http-nio-8080-exec-1] com.itmaoo.oa.dao.IProductDao.selectList :==> Parameters: 30(Integer), 16(Integer)
2017-12-20 17:28:27.029 [] DEBUG [http-nio-8080-exec-1] com.itmaoo.oa.dao.IProductDao.selectList :<==      Total: 15
2017-12-20 17:28:27.065 [] DEBUG [http-nio-8080-exec-1] com.itmaoo.oa.dao.IProductDao.selectListCount :==>  Preparing: SELECT count(*) FROM ( SELECT productid AS id, name AS name, sex AS sex, age AS age, testresault AS testResault, caseid AS caseId, doctor AS doctor, department AS department, testtype AS testType, senddate AS sendDate, reportdate AS reportDate, createdate AS createDate, lastmodifydate AS lastModifyDate, description AS description FROM product ad WHERE 1=1 ) c 
2017-12-20 17:28:27.065 [] DEBUG [http-nio-8080-exec-1] com.itmaoo.oa.dao.IProductDao.selectListCount :==> Parameters: 
2017-12-20 17:28:27.108 [] DEBUG [http-nio-8080-exec-1] com.itmaoo.oa.dao.IProductDao.selectListCount :<==      Total: 1
2017-12-20 17:28:27.784 [] DEBUG [http-nio-8080-exec-5] com.itmaoo.oa.dao.IProductDao.selectList :==>  Preparing: SELECT * FROM(SELECT pg.*, @rownum:=@rownum+1 AS rn FROM( SELECT productid AS id, name AS name, sex AS sex, age AS age, testresault AS testResault, caseid AS caseId, doctor AS doctor, department AS department, testtype AS testType, senddate AS sendDate, reportdate AS reportDate, createdate AS createDate, lastmodifydate AS lastModifyDate, description AS description FROM product ad WHERE 1=1 ) pg , (SELECT @rownum:=0) r) a WHERE rn <=? AND rn >=? 
2017-12-20 17:28:27.784 [] DEBUG [http-nio-8080-exec-5] com.itmaoo.oa.dao.IProductDao.selectList :==> Parameters: 45(Integer), 31(Integer)
2017-12-20 17:28:27.822 [] DEBUG [http-nio-8080-exec-5] com.itmaoo.oa.dao.IProductDao.selectList :<==      Total: 7
2017-12-20 17:28:27.857 [] DEBUG [http-nio-8080-exec-5] com.itmaoo.oa.dao.IProductDao.selectListCount :==>  Preparing: SELECT count(*) FROM ( SELECT productid AS id, name AS name, sex AS sex, age AS age, testresault AS testResault, caseid AS caseId, doctor AS doctor, department AS department, testtype AS testType, senddate AS sendDate, reportdate AS reportDate, createdate AS createDate, lastmodifydate AS lastModifyDate, description AS description FROM product ad WHERE 1=1 ) c 
2017-12-20 17:28:27.857 [] DEBUG [http-nio-8080-exec-5] com.itmaoo.oa.dao.IProductDao.selectListCount :==> Parameters: 
2017-12-20 17:28:27.894 [] DEBUG [http-nio-8080-exec-5] com.itmaoo.oa.dao.IProductDao.selectListCount :<==      Total: 1
