2017-11-24 22:23:50.569 [] INFO  [main] com.itmaoo.oa.App :Starting App on mariodeMacBook-Pro.local with PID 675 (/Users/mario/IdeaProjects/scenic/scenic-oa/target/classes started by mario in /Users/mario/IdeaProjects/scenic/scenic-oa)
2017-11-24 22:23:50.570 [] DEBUG [main] com.itmaoo.oa.App :Running with Spring Boot v1.5.6.RELEASE, Spring v4.3.4.RELEASE
2017-11-24 22:23:50.570 [] INFO  [main] com.itmaoo.oa.App :No active profile set, falling back to default profiles: default
2017-11-24 22:23:55.215 [] INFO  [main] com.itmaoo.oa.App :Started App in 19.935 seconds (JVM running for 20.469)
2017-11-24 22:27:09.460 [] INFO  [main] com.itmaoo.oa.App :Starting App on mariodeMacBook-Pro.local with PID 681 (/Users/mario/IdeaProjects/scenic/scenic-oa/target/classes started by mario in /Users/mario/IdeaProjects/scenic/scenic-oa)
2017-11-24 22:27:09.461 [] DEBUG [main] com.itmaoo.oa.App :Running with Spring Boot v1.5.6.RELEASE, Spring v4.3.4.RELEASE
2017-11-24 22:27:09.461 [] INFO  [main] com.itmaoo.oa.App :No active profile set, falling back to default profiles: default
2017-11-24 22:27:13.933 [] INFO  [main] com.itmaoo.oa.App :Started App in 19.766 seconds (JVM running for 20.289)
2017-11-24 22:38:54.338 [] DEBUG [http-nio-8080-exec-1] com.itmaoo.oa.dao.IUserDao.selectSingleLogin :==>  Preparing: SELECT userid AS id, username AS username, nickname AS nickname, password AS password, email AS email, telphone AS telphone, createdate AS createDate, invalid AS invalid, iucode AS iuCode, reccode AS recCode, logintrytimes AS loginTryTimes, lastloggeddate AS lastLoggedDate, ismale AS isMale, signature AS signature FROM user u WHERE username = ? AND password= ? 
2017-11-24 22:38:54.369 [] DEBUG [http-nio-8080-exec-1] com.itmaoo.oa.dao.IUserDao.selectSingleLogin :==> Parameters: ITMAOO(String), itstudio(String)
2017-11-24 22:38:54.457 [] DEBUG [http-nio-8080-exec-1] com.itmaoo.oa.dao.IUserDao.selectSingleLogin :<==      Total: 1
2017-11-24 22:45:11.960 [] DEBUG [http-nio-8080-exec-3] com.itmaoo.oa.dao.IUserDao.selectSingleLogin :==>  Preparing: SELECT userid AS id, username AS username, nickname AS nickname, password AS password, email AS email, telphone AS telphone, createdate AS createDate, invalid AS invalid, iucode AS iuCode, reccode AS recCode, logintrytimes AS loginTryTimes, lastloggeddate AS lastLoggedDate, ismale AS isMale, signature AS signature FROM user u WHERE username = ? AND password= ? 
2017-11-24 22:45:11.961 [] DEBUG [http-nio-8080-exec-3] com.itmaoo.oa.dao.IUserDao.selectSingleLogin :==> Parameters: ITMAOO(String), itstudio(String)
2017-11-24 22:45:12.030 [] DEBUG [http-nio-8080-exec-3] com.itmaoo.oa.dao.IUserDao.selectSingleLogin :<==      Total: 1
2017-11-24 22:46:30.493 [] INFO  [main] com.itmaoo.oa.App :Starting App on mariodeMacBook-Pro.local with PID 698 (/Users/mario/IdeaProjects/scenic/scenic-oa/target/classes started by mario in /Users/mario/IdeaProjects/scenic/scenic-oa)
2017-11-24 22:46:30.493 [] DEBUG [main] com.itmaoo.oa.App :Running with Spring Boot v1.5.6.RELEASE, Spring v4.3.4.RELEASE
2017-11-24 22:46:30.493 [] INFO  [main] com.itmaoo.oa.App :No active profile set, falling back to default profiles: default
2017-11-24 22:46:41.470 [] INFO  [main] com.itmaoo.oa.App :Starting App on mariodeMacBook-Pro.local with PID 700 (/Users/mario/IdeaProjects/scenic/scenic-oa/target/classes started by mario in /Users/mario/IdeaProjects/scenic/scenic-oa)
2017-11-24 22:46:41.470 [] DEBUG [main] com.itmaoo.oa.App :Running with Spring Boot v1.5.6.RELEASE, Spring v4.3.4.RELEASE
2017-11-24 22:46:41.470 [] INFO  [main] com.itmaoo.oa.App :No active profile set, falling back to default profiles: default
2017-11-24 22:57:06.627 [] INFO  [main] com.itmaoo.oa.App :Starting App on mariodeMacBook-Pro.local with PID 704 (/Users/mario/IdeaProjects/scenic/scenic-oa/target/classes started by mario in /Users/mario/IdeaProjects/scenic/scenic-oa)
2017-11-24 22:57:06.627 [] DEBUG [main] com.itmaoo.oa.App :Running with Spring Boot v1.5.6.RELEASE, Spring v4.3.4.RELEASE
2017-11-24 22:57:06.627 [] INFO  [main] com.itmaoo.oa.App :No active profile set, falling back to default profiles: default
2017-11-24 22:57:10.830 [] INFO  [main] com.itmaoo.oa.App :Started App in 19.478 seconds (JVM running for 20.014)
2017-11-24 22:57:22.434 [] DEBUG [http-nio-8080-exec-10] com.itmaoo.oa.dao.IUserDao.selectSingleLogin :==>  Preparing: SELECT userid AS id, username AS username, nickname AS nickname, password AS password, email AS email, telphone AS telphone, createdate AS createDate, invalid AS invalid, iucode AS iuCode, reccode AS recCode, logintrytimes AS loginTryTimes, lastloggeddate AS lastLoggedDate, ismale AS isMale, signature AS signature FROM user u WHERE username = ? AND password= ? 
2017-11-24 22:57:22.462 [] DEBUG [http-nio-8080-exec-10] com.itmaoo.oa.dao.IUserDao.selectSingleLogin :==> Parameters: ITMAOO(String), itstudio(String)
2017-11-24 22:57:22.791 [] DEBUG [http-nio-8080-exec-10] com.itmaoo.oa.dao.IUserDao.selectSingleLogin :<==      Total: 1
2017-11-24 23:08:11.447 [] DEBUG [http-nio-8080-exec-6] com.itmaoo.oa.dao.IProductDao.selectList :==>  Preparing: SELECT * FROM(SELECT pg.*, @rownum:=@rownum+1 AS rn FROM( SELECT productid AS id, name AS name, sex AS sex, age AS age, testresault AS testResault, caseid AS caseId, doctor AS doctor, department AS department, testtype AS testType, senddate AS sendDate, reportdate AS reportDate, createdate AS createDate, lastmodifydate AS lastModifyDate, description AS description FROM product ad WHERE 1=1 ORDER BY createdate DESC ) pg , (SELECT @rownum:=0) r) a WHERE rn <=? AND rn >=? 
2017-11-24 23:08:11.449 [] DEBUG [http-nio-8080-exec-6] com.itmaoo.oa.dao.IProductDao.selectList :==> Parameters: 15(Integer), 1(Integer)
2017-11-24 23:08:11.519 [] DEBUG [http-nio-8080-exec-6] com.itmaoo.oa.dao.IProductDao.selectList :<==      Total: 2
2017-11-24 23:12:30.446 [] DEBUG [http-nio-8080-exec-1] com.itmaoo.oa.dao.IProductDao.insert :==>  Preparing: INSERT INTO product ( name,sex, age, testresault, caseid, doctor, department, testtype, senddate, reportdate, createdate, lastmodifydate,description )VALUES ( ?,?, ?, ?, ?, ?, ?, ?, ?,?, ?,?,? ) 
2017-11-24 23:12:30.450 [] DEBUG [http-nio-8080-exec-1] com.itmaoo.oa.dao.IProductDao.insert :==> Parameters: (String), F(String), (String), (String), q(String), (String), (String), (String), 2017-11-24 23:12:28.764(Timestamp), 2017-11-24 23:12:28.764(Timestamp), null, 2017-11-24 23:12:28.764(Timestamp), (String)
2017-11-24 23:12:30.591 [] DEBUG [http-nio-8080-exec-1] com.itmaoo.oa.dao.IProductDao.insert :<==    Updates: 1
2017-11-24 23:12:44.470 [] DEBUG [http-nio-8080-exec-4] com.itmaoo.oa.dao.IProductDao.selectList :==>  Preparing: SELECT * FROM(SELECT pg.*, @rownum:=@rownum+1 AS rn FROM( SELECT productid AS id, name AS name, sex AS sex, age AS age, testresault AS testResault, caseid AS caseId, doctor AS doctor, department AS department, testtype AS testType, senddate AS sendDate, reportdate AS reportDate, createdate AS createDate, lastmodifydate AS lastModifyDate, description AS description FROM product ad WHERE 1=1 ORDER BY createdate DESC ) pg , (SELECT @rownum:=0) r) a WHERE rn <=? AND rn >=? 
2017-11-24 23:12:44.471 [] DEBUG [http-nio-8080-exec-4] com.itmaoo.oa.dao.IProductDao.selectList :==> Parameters: 15(Integer), 1(Integer)
2017-11-24 23:12:44.551 [] DEBUG [http-nio-8080-exec-4] com.itmaoo.oa.dao.IProductDao.selectList :<==      Total: 3
2017-11-24 23:17:19.668 [] DEBUG [http-nio-8080-exec-9] com.itmaoo.oa.dao.IProductDao.selectList :==>  Preparing: SELECT * FROM(SELECT pg.*, @rownum:=@rownum+1 AS rn FROM( SELECT productid AS id, name AS name, sex AS sex, age AS age, testresault AS testResault, caseid AS caseId, doctor AS doctor, department AS department, testtype AS testType, senddate AS sendDate, reportdate AS reportDate, createdate AS createDate, lastmodifydate AS lastModifyDate, description AS description FROM product ad WHERE 1=1 ORDER BY createdate DESC ) pg , (SELECT @rownum:=0) r) a WHERE rn <=? AND rn >=? 
2017-11-24 23:17:19.669 [] DEBUG [http-nio-8080-exec-9] com.itmaoo.oa.dao.IProductDao.selectList :==> Parameters: 15(Integer), 1(Integer)
2017-11-24 23:17:19.745 [] DEBUG [http-nio-8080-exec-9] com.itmaoo.oa.dao.IProductDao.selectList :<==      Total: 3
2017-11-24 23:17:41.497 [] DEBUG [http-nio-8080-exec-3] com.itmaoo.oa.dao.IProductDao.selectList :==>  Preparing: SELECT * FROM(SELECT pg.*, @rownum:=@rownum+1 AS rn FROM( SELECT productid AS id, name AS name, sex AS sex, age AS age, testresault AS testResault, caseid AS caseId, doctor AS doctor, department AS department, testtype AS testType, senddate AS sendDate, reportdate AS reportDate, createdate AS createDate, lastmodifydate AS lastModifyDate, description AS description FROM product ad WHERE 1=1 ORDER BY createdate DESC ) pg , (SELECT @rownum:=0) r) a WHERE rn <=? AND rn >=? 
2017-11-24 23:17:41.498 [] DEBUG [http-nio-8080-exec-3] com.itmaoo.oa.dao.IProductDao.selectList :==> Parameters: 15(Integer), 1(Integer)
2017-11-24 23:17:41.566 [] DEBUG [http-nio-8080-exec-3] com.itmaoo.oa.dao.IProductDao.selectList :<==      Total: 3
2017-11-24 23:18:44.565 [] DEBUG [http-nio-8080-exec-4] com.itmaoo.oa.dao.IProductDao.selectList :==>  Preparing: SELECT * FROM(SELECT pg.*, @rownum:=@rownum+1 AS rn FROM( SELECT productid AS id, name AS name, sex AS sex, age AS age, testresault AS testResault, caseid AS caseId, doctor AS doctor, department AS department, testtype AS testType, senddate AS sendDate, reportdate AS reportDate, createdate AS createDate, lastmodifydate AS lastModifyDate, description AS description FROM product ad WHERE 1=1 ORDER BY createdate DESC ) pg , (SELECT @rownum:=0) r) a WHERE rn <=? AND rn >=? 
2017-11-24 23:18:44.565 [] DEBUG [http-nio-8080-exec-4] com.itmaoo.oa.dao.IProductDao.selectList :==> Parameters: 15(Integer), 1(Integer)
2017-11-24 23:18:44.670 [] DEBUG [http-nio-8080-exec-4] com.itmaoo.oa.dao.IProductDao.selectList :<==      Total: 3
2017-11-24 23:29:31.512 [] DEBUG [http-nio-8080-exec-5] com.itmaoo.oa.dao.IProductDao.selectList :==>  Preparing: SELECT * FROM(SELECT pg.*, @rownum:=@rownum+1 AS rn FROM( SELECT productid AS id, name AS name, sex AS sex, age AS age, testresault AS testResault, caseid AS caseId, doctor AS doctor, department AS department, testtype AS testType, senddate AS sendDate, reportdate AS reportDate, createdate AS createDate, lastmodifydate AS lastModifyDate, description AS description FROM product ad WHERE 1=1 ORDER BY createdate DESC ) pg , (SELECT @rownum:=0) r) a WHERE rn <=? AND rn >=? 
2017-11-24 23:29:31.512 [] DEBUG [http-nio-8080-exec-5] com.itmaoo.oa.dao.IProductDao.selectList :==> Parameters: 15(Integer), 1(Integer)
2017-11-24 23:29:31.582 [] DEBUG [http-nio-8080-exec-5] com.itmaoo.oa.dao.IProductDao.selectList :<==      Total: 3
2017-11-24 23:29:31.729 [] DEBUG [http-nio-8080-exec-8] com.itmaoo.oa.dao.IProductDao.selectList :==>  Preparing: SELECT * FROM(SELECT pg.*, @rownum:=@rownum+1 AS rn FROM( SELECT productid AS id, name AS name, sex AS sex, age AS age, testresault AS testResault, caseid AS caseId, doctor AS doctor, department AS department, testtype AS testType, senddate AS sendDate, reportdate AS reportDate, createdate AS createDate, lastmodifydate AS lastModifyDate, description AS description FROM product ad WHERE 1=1 ORDER BY createdate DESC ) pg , (SELECT @rownum:=0) r) a WHERE rn <=? AND rn >=? 
2017-11-24 23:29:31.730 [] DEBUG [http-nio-8080-exec-8] com.itmaoo.oa.dao.IProductDao.selectList :==> Parameters: 15(Integer), 1(Integer)
2017-11-24 23:29:31.799 [] DEBUG [http-nio-8080-exec-8] com.itmaoo.oa.dao.IProductDao.selectList :<==      Total: 3
2017-11-24 23:36:38.851 [] DEBUG [http-nio-8080-exec-7] com.itmaoo.oa.dao.IProductDao.selectList :==>  Preparing: SELECT * FROM(SELECT pg.*, @rownum:=@rownum+1 AS rn FROM( SELECT productid AS id, name AS name, sex AS sex, age AS age, testresault AS testResault, caseid AS caseId, doctor AS doctor, department AS department, testtype AS testType, senddate AS sendDate, reportdate AS reportDate, createdate AS createDate, lastmodifydate AS lastModifyDate, description AS description FROM product ad WHERE 1=1 ORDER BY createdate DESC ) pg , (SELECT @rownum:=0) r) a WHERE rn <=? AND rn >=? 
2017-11-24 23:36:38.853 [] DEBUG [http-nio-8080-exec-7] com.itmaoo.oa.dao.IProductDao.selectList :==> Parameters: 15(Integer), 1(Integer)
2017-11-24 23:36:38.918 [] DEBUG [http-nio-8080-exec-7] com.itmaoo.oa.dao.IProductDao.selectList :<==      Total: 3
2017-11-24 23:39:54.695 [] DEBUG [http-nio-8080-exec-9] com.itmaoo.oa.dao.IProductDao.selectList :==>  Preparing: SELECT * FROM(SELECT pg.*, @rownum:=@rownum+1 AS rn FROM( SELECT productid AS id, name AS name, sex AS sex, age AS age, testresault AS testResault, caseid AS caseId, doctor AS doctor, department AS department, testtype AS testType, senddate AS sendDate, reportdate AS reportDate, createdate AS createDate, lastmodifydate AS lastModifyDate, description AS description FROM product ad WHERE 1=1 ORDER BY createdate DESC ) pg , (SELECT @rownum:=0) r) a WHERE rn <=? AND rn >=? 
2017-11-24 23:39:54.696 [] DEBUG [http-nio-8080-exec-9] com.itmaoo.oa.dao.IProductDao.selectList :==> Parameters: 15(Integer), 1(Integer)
2017-11-24 23:39:54.781 [] DEBUG [http-nio-8080-exec-9] com.itmaoo.oa.dao.IProductDao.selectList :<==      Total: 3
2017-11-24 23:50:10.261 [] DEBUG [http-nio-8080-exec-9] com.itmaoo.oa.dao.IProductDao.selectList :==>  Preparing: SELECT * FROM(SELECT pg.*, @rownum:=@rownum+1 AS rn FROM( SELECT productid AS id, name AS name, sex AS sex, age AS age, testresault AS testResault, caseid AS caseId, doctor AS doctor, department AS department, testtype AS testType, senddate AS sendDate, reportdate AS reportDate, createdate AS createDate, lastmodifydate AS lastModifyDate, description AS description FROM product ad WHERE 1=1 ORDER BY createdate DESC ) pg , (SELECT @rownum:=0) r) a WHERE rn <=? AND rn >=? 
2017-11-24 23:50:10.262 [] DEBUG [http-nio-8080-exec-9] com.itmaoo.oa.dao.IProductDao.selectList :==> Parameters: 15(Integer), 1(Integer)
2017-11-24 23:50:10.326 [] DEBUG [http-nio-8080-exec-9] com.itmaoo.oa.dao.IProductDao.selectList :<==      Total: 3
2017-11-24 23:50:31.820 [] DEBUG [http-nio-8080-exec-2] com.itmaoo.oa.dao.IProductDao.selectList :==>  Preparing: SELECT * FROM(SELECT pg.*, @rownum:=@rownum+1 AS rn FROM( SELECT productid AS id, name AS name, sex AS sex, age AS age, testresault AS testResault, caseid AS caseId, doctor AS doctor, department AS department, testtype AS testType, senddate AS sendDate, reportdate AS reportDate, createdate AS createDate, lastmodifydate AS lastModifyDate, description AS description FROM product ad WHERE 1=1 ORDER BY createdate DESC ) pg , (SELECT @rownum:=0) r) a WHERE rn <=? AND rn >=? 
2017-11-24 23:50:31.820 [] DEBUG [http-nio-8080-exec-2] com.itmaoo.oa.dao.IProductDao.selectList :==> Parameters: 15(Integer), 1(Integer)
2017-11-24 23:50:31.885 [] DEBUG [http-nio-8080-exec-2] com.itmaoo.oa.dao.IProductDao.selectList :<==      Total: 3
2017-11-24 23:50:35.547 [] DEBUG [http-nio-8080-exec-5] com.itmaoo.oa.dao.IProductDao.selectList :==>  Preparing: SELECT * FROM(SELECT pg.*, @rownum:=@rownum+1 AS rn FROM( SELECT productid AS id, name AS name, sex AS sex, age AS age, testresault AS testResault, caseid AS caseId, doctor AS doctor, department AS department, testtype AS testType, senddate AS sendDate, reportdate AS reportDate, createdate AS createDate, lastmodifydate AS lastModifyDate, description AS description FROM product ad WHERE 1=1 ORDER BY createdate DESC ) pg , (SELECT @rownum:=0) r) a WHERE rn <=? AND rn >=? 
2017-11-24 23:50:35.548 [] DEBUG [http-nio-8080-exec-5] com.itmaoo.oa.dao.IProductDao.selectList :==> Parameters: 15(Integer), 1(Integer)
2017-11-24 23:50:35.614 [] DEBUG [http-nio-8080-exec-5] com.itmaoo.oa.dao.IProductDao.selectList :<==      Total: 3
2017-11-24 23:57:49.600 [] DEBUG [http-nio-8080-exec-1] com.itmaoo.oa.dao.IProductDao.selectList :==>  Preparing: SELECT * FROM(SELECT pg.*, @rownum:=@rownum+1 AS rn FROM( SELECT productid AS id, name AS name, sex AS sex, age AS age, testresault AS testResault, caseid AS caseId, doctor AS doctor, department AS department, testtype AS testType, senddate AS sendDate, reportdate AS reportDate, createdate AS createDate, lastmodifydate AS lastModifyDate, description AS description FROM product ad WHERE 1=1 ORDER BY createdate DESC ) pg , (SELECT @rownum:=0) r) a WHERE rn <=? AND rn >=? 
2017-11-24 23:57:49.601 [] DEBUG [http-nio-8080-exec-1] com.itmaoo.oa.dao.IProductDao.selectList :==> Parameters: 15(Integer), 1(Integer)
2017-11-24 23:57:49.669 [] DEBUG [http-nio-8080-exec-1] com.itmaoo.oa.dao.IProductDao.selectList :<==      Total: 3
2017-11-24 23:58:15.048 [] DEBUG [http-nio-8080-exec-2] com.itmaoo.oa.dao.IProductDao.selectList :==>  Preparing: SELECT * FROM(SELECT pg.*, @rownum:=@rownum+1 AS rn FROM( SELECT productid AS id, name AS name, sex AS sex, age AS age, testresault AS testResault, caseid AS caseId, doctor AS doctor, department AS department, testtype AS testType, senddate AS sendDate, reportdate AS reportDate, createdate AS createDate, lastmodifydate AS lastModifyDate, description AS description FROM product ad WHERE 1=1 ORDER BY createdate DESC ) pg , (SELECT @rownum:=0) r) a WHERE rn <=? AND rn >=? 
2017-11-24 23:58:15.049 [] DEBUG [http-nio-8080-exec-2] com.itmaoo.oa.dao.IProductDao.selectList :==> Parameters: 15(Integer), 1(Integer)
2017-11-24 23:58:15.115 [] DEBUG [http-nio-8080-exec-2] com.itmaoo.oa.dao.IProductDao.selectList :<==      Total: 3
